Using pre-set license
Built from '2022.3/release' branch; Version is '2022.3.20f1 (61c2feb0970d) revision 6406910'; Using compiler version '192829333'; Build Type 'Release'
OS: 'Windows 11  (10.0.22631) 64bit Core' Language: 'en' Physical Memory: 16228 MB
BatchMode: 1, IsHumanControllingUs: 0, StartBugReporterOnCrash: 0, Is64bit: 1, IsPro: 1

COMMAND LINE ARGUMENTS:
C:\Program Files\Unity\Hub\Editor\2022.3.20f1\Editor\Unity.exe
-adb2
-batchMode
-noUpm
-name
AssetImportWorker0
-projectPath
C:/Users/danie/Documents/GithubFiles/Test/BossGame/Boss Level
-logFile
Logs/AssetImportWorker0.log
-srvPort
53699
Successfully changed project path to: C:/Users/danie/Documents/GithubFiles/Test/BossGame/Boss Level
C:/Users/danie/Documents/GithubFiles/Test/BossGame/Boss Level
[UnityMemory] Configuration Parameters - Can be set up in boot.config
    "memorysetup-bucket-allocator-granularity=16"
    "memorysetup-bucket-allocator-bucket-count=8"
    "memorysetup-bucket-allocator-block-size=33554432"
    "memorysetup-bucket-allocator-block-count=8"
    "memorysetup-main-allocator-block-size=16777216"
    "memorysetup-thread-allocator-block-size=16777216"
    "memorysetup-gfx-main-allocator-block-size=16777216"
    "memorysetup-gfx-thread-allocator-block-size=16777216"
    "memorysetup-cache-allocator-block-size=4194304"
    "memorysetup-typetree-allocator-block-size=2097152"
    "memorysetup-profiler-bucket-allocator-granularity=16"
    "memorysetup-profiler-bucket-allocator-bucket-count=8"
    "memorysetup-profiler-bucket-allocator-block-size=33554432"
    "memorysetup-profiler-bucket-allocator-block-count=8"
    "memorysetup-profiler-allocator-block-size=16777216"
    "memorysetup-profiler-editor-allocator-block-size=1048576"
    "memorysetup-temp-allocator-size-main=16777216"
    "memorysetup-job-temp-allocator-block-size=2097152"
    "memorysetup-job-temp-allocator-block-size-background=1048576"
    "memorysetup-job-temp-allocator-reduction-small-platforms=262144"
    "memorysetup-allocator-temp-initial-block-size-main=262144"
    "memorysetup-allocator-temp-initial-block-size-worker=262144"
    "memorysetup-temp-allocator-size-background-worker=32768"
    "memorysetup-temp-allocator-size-job-worker=262144"
    "memorysetup-temp-allocator-size-preload-manager=33554432"
    "memorysetup-temp-allocator-size-nav-mesh-worker=65536"
    "memorysetup-temp-allocator-size-audio-worker=65536"
    "memorysetup-temp-allocator-size-cloud-worker=32768"
    "memorysetup-temp-allocator-size-gi-baking-worker=262144"
    "memorysetup-temp-allocator-size-gfx=262144"
Player connection [25496] Host "[IP] 10.159.9.98 [Port] 0 [Flags] 2 [Guid] 3245013895 [EditorId] 3245013895 [Version] 1048832 [Id] WindowsEditor(7,Elementary01) [Debug] 1 [PackageName] WindowsEditor [ProjectName] Editor" joined multi-casting on [225.0.0.222:54997]...

Player connection [25496] Host "[IP] 10.159.9.98 [Port] 0 [Flags] 2 [Guid] 3245013895 [EditorId] 3245013895 [Version] 1048832 [Id] WindowsEditor(7,Elementary01) [Debug] 1 [PackageName] WindowsEditor [ProjectName] Editor" joined alternative multi-casting on [225.0.0.222:34997]...

[Physics::Module] Initialized MultithreadedJobDispatcher with 11 workers.
Refreshing native plugins compatible for Editor in 15.76 ms, found 3 plugins.
Preloading 0 native plugins for Editor in 0.00 ms.
Initialize engine version: 2022.3.20f1 (61c2feb0970d)
[Subsystems] Discovering subsystems at path C:/Program Files/Unity/Hub/Editor/2022.3.20f1/Editor/Data/Resources/UnitySubsystems
[Subsystems] Discovering subsystems at path C:/Users/danie/Documents/GithubFiles/Test/BossGame/Boss Level/Assets
GfxDevice: creating device client; threaded=0; jobified=0
Direct3D:
    Version:  Direct3D 11.0 [level 11.1]
    Renderer: NVIDIA GeForce RTX 2060 (ID=0x1f11)
    Vendor:   NVIDIA
    VRAM:     5968 MB
    Driver:   31.0.15.3713
Initialize mono
Mono path[0] = 'C:/Program Files/Unity/Hub/Editor/2022.3.20f1/Editor/Data/Managed'
Mono path[1] = 'C:/Program Files/Unity/Hub/Editor/2022.3.20f1/Editor/Data/MonoBleedingEdge/lib/mono/unityjit-win32'
Mono config path = 'C:/Program Files/Unity/Hub/Editor/2022.3.20f1/Editor/Data/MonoBleedingEdge/etc'
Using monoOptions --debugger-agent=transport=dt_socket,embedding=1,server=y,suspend=n,address=127.0.0.1:56240
Begin MonoManager ReloadAssembly
Registering precompiled unity dll's ...
Register platform support module: C:/Program Files/Unity/Hub/Editor/2022.3.20f1/Editor/Data/PlaybackEngines/WindowsStandaloneSupport/UnityEditor.WindowsStandalone.Extensions.dll
Registered in 0.012469 seconds.
- Loaded All Assemblies, in  0.636 seconds
Native extension for WindowsStandalone target not found
Mono: successfully reloaded assembly
- Finished resetting the current domain, in  0.461 seconds
Domain Reload Profiling: 1092ms
	BeginReloadAssembly (220ms)
		ExecutionOrderSort (0ms)
		DisableScriptedObjects (0ms)
		BackupInstance (0ms)
		ReleaseScriptingObjects (0ms)
		CreateAndSetChildDomain (2ms)
	RebuildCommonClasses (58ms)
	RebuildNativeTypeToScriptingClass (17ms)
	initialDomainReloadingComplete (99ms)
	LoadAllAssembliesAndSetupDomain (237ms)
		LoadAssemblies (212ms)
		RebuildTransferFunctionScriptingTraits (0ms)
		AnalyzeDomain (233ms)
			TypeCache.Refresh (230ms)
				TypeCache.ScanAssembly (208ms)
			ScanForSourceGeneratedMonoScriptInfo (1ms)
			ResolveRequiredComponents (1ms)
	FinalizeReload (462ms)
		ReleaseScriptCaches (0ms)
		RebuildScriptCaches (0ms)
		SetupLoadedEditorAssemblies (366ms)
			LogAssemblyErrors (0ms)
			InitializePlatformSupportModulesInManaged (16ms)
			SetLoadedEditorAssemblies (13ms)
			RefreshPlugins (0ms)
			BeforeProcessingInitializeOnLoad (3ms)
			ProcessInitializeOnLoadAttributes (257ms)
			ProcessInitializeOnLoadMethodAttributes (77ms)
			AfterProcessingInitializeOnLoad (0ms)
			EditorAssembliesLoaded (0ms)
		ExecutionOrderSort2 (0ms)
		AwakeInstancesAfterBackupRestoration (0ms)
========================================================================
Worker process is ready to serve import requests
Begin MonoManager ReloadAssembly
- Loaded All Assemblies, in  1.192 seconds
Refreshing native plugins compatible for Editor in 5.14 ms, found 3 plugins.
Native extension for WindowsStandalone target not found
Package Manager log level set to [2]
[Package Manager] Server::EnsureServerProcessIsRunning -- launch failed, reason: Unity was launched with the -noUpm command-line argument
[Package Manager] UpmClient::Send -- Unable to send message (not connected to UPM process).
[Package Manager] Cannot connect to Unity Package Manager local server
Mono: successfully reloaded assembly
- Finished resetting the current domain, in  0.897 seconds
Domain Reload Profiling: 2083ms
	BeginReloadAssembly (300ms)
		ExecutionOrderSort (0ms)
		DisableScriptedObjects (9ms)
		BackupInstance (0ms)
		ReleaseScriptingObjects (0ms)
		CreateAndSetChildDomain (45ms)
	RebuildCommonClasses (65ms)
	RebuildNativeTypeToScriptingClass (18ms)
	initialDomainReloadingComplete (70ms)
	LoadAllAssembliesAndSetupDomain (733ms)
		LoadAssemblies (579ms)
		RebuildTransferFunctionScriptingTraits (0ms)
		AnalyzeDomain (338ms)
			TypeCache.Refresh (304ms)
				TypeCache.ScanAssembly (278ms)
			ScanForSourceGeneratedMonoScriptInfo (25ms)
			ResolveRequiredComponents (6ms)
	FinalizeReload (898ms)
		ReleaseScriptCaches (0ms)
		RebuildScriptCaches (0ms)
		SetupLoadedEditorAssemblies (691ms)
			LogAssemblyErrors (0ms)
			InitializePlatformSupportModulesInManaged (9ms)
			SetLoadedEditorAssemblies (5ms)
			RefreshPlugins (0ms)
			BeforeProcessingInitializeOnLoad (98ms)
			ProcessInitializeOnLoadAttributes (534ms)
			ProcessInitializeOnLoadMethodAttributes (31ms)
			AfterProcessingInitializeOnLoad (14ms)
			EditorAssembliesLoaded (0ms)
		ExecutionOrderSort2 (0ms)
		AwakeInstancesAfterBackupRestoration (10ms)
Failed to load shader (instanceID 410, GUID 9c442dc870b456e48b615cd8add0e9ef)
Failed to load shader (instanceID 408, GUID 493b79ea9c9be44ed8b702014d3ac49c)
Launched and connected shader compiler UnityShaderCompiler.exe after 0.08 seconds
Refreshing native plugins compatible for Editor in 6.25 ms, found 3 plugins.
Preloading 0 native plugins for Editor in 0.00 ms.
Unloading 381 Unused Serialized files (Serialized files now loaded: 0)
Unloading 8 unused Assets / (113.9 KB). Loaded Objects now: 863.
Memory consumption went from 81.1 MB to 81.0 MB.
Total: 4.792300 ms (FindLiveObjects: 0.110800 ms CreateObjectMapping: 0.031400 ms MarkObjects: 4.506700 ms  DeleteObjects: 0.141400 ms)

AssetImportParameters requested are different than current active one (requested -> active):
  custom:container-demuxer-ogg: 62fdf1f143b41e24485cea50d1cbac27 -> 
  custom:video-decoder-ogg-theora: a1e56fd34408186e4bbccfd4996cb3dc -> 
  custom:framework-win-MediaFoundation: 216162199b28c13a410421893ffa2e32 -> 
  custom:CustomObjectIndexerAttribute: 6d391050e5a25f67b0a2c618074f2cd9 -> 
  custom:container-demuxer-webm: 4f35f7cbe854078d1ac9338744f61a02 -> 
  custom:container-muxer-webm: aa71ff27fc2769a1b78a27578f13a17b -> 
  custom:video-decoder-webm-vp8: 9c59270c3fd7afecdb556c50c9e8de78 -> 
  custom:SearchIndexIgnoredProperties: e643bd26f0fe6173181afceb89e7c659 -> 
  custom:AudioImporter_EditorPlatform: d09bf68614088b80899f8185d706f6e7 -> 
  custom:video-encoder-webm-vp8: eb34c28f22e8b96e1ab97ce403110664 -> 
  custom:audio-decoder-ogg-vorbis: bf7c407c2cedff20999df2af8eb42d56 -> 
  custom:audio-encoder-webm-vorbis: bf7c407c2cedff20999df2af8eb42d56 -> 
========================================================================
Received Import Request.
  Time since last request: 2220615.933212 seconds.
  path: Assets/Stage.prefab
  artifactKey: Guid(a7593b61e819a9542a765d19b4ef827e) Importer(815301076,1909f56bfc062723c751e8b465ee728b)
Start importing Assets/Stage.prefab using Guid(a7593b61e819a9542a765d19b4ef827e) Importer(815301076,1909f56bfc062723c751e8b465ee728b)  -> (artifact id: '2ca34d90b5af85243f0a1e3f99dbe5c3') in 0.114937 seconds
Number of updated asset objects reloaded before import = 0
Number of asset objects unloaded after import = 19
========================================================================
Received Prepare
Begin MonoManager ReloadAssembly
- Loaded All Assemblies, in  0.555 seconds
Refreshing native plugins compatible for Editor in 4.63 ms, found 3 plugins.
Native extension for WindowsStandalone target not found
[Package Manager] Server::EnsureServerProcessIsRunning -- launch failed, reason: Unity was launched with the -noUpm command-line argument
[Package Manager] UpmClient::Send -- Unable to send message (not connected to UPM process).
[Package Manager] Cannot connect to Unity Package Manager local server
Mono: successfully reloaded assembly
- Finished resetting the current domain, in  0.992 seconds
Domain Reload Profiling: 1544ms
	BeginReloadAssembly (201ms)
		ExecutionOrderSort (0ms)
		DisableScriptedObjects (7ms)
		BackupInstance (0ms)
		ReleaseScriptingObjects (0ms)
		CreateAndSetChildDomain (41ms)
	RebuildCommonClasses (36ms)
	RebuildNativeTypeToScriptingClass (13ms)
	initialDomainReloadingComplete (36ms)
	LoadAllAssembliesAndSetupDomain (264ms)
		LoadAssemblies (359ms)
		RebuildTransferFunctionScriptingTraits (0ms)
		AnalyzeDomain (18ms)
			TypeCache.Refresh (11ms)
				TypeCache.ScanAssembly (0ms)
			ScanForSourceGeneratedMonoScriptInfo (0ms)
			ResolveRequiredComponents (6ms)
	FinalizeReload (993ms)
		ReleaseScriptCaches (0ms)
		RebuildScriptCaches (0ms)
		SetupLoadedEditorAssemblies (716ms)
			LogAssemblyErrors (0ms)
			InitializePlatformSupportModulesInManaged (8ms)
			SetLoadedEditorAssemblies (3ms)
			RefreshPlugins (0ms)
			BeforeProcessingInitializeOnLoad (94ms)
			ProcessInitializeOnLoadAttributes (548ms)
			ProcessInitializeOnLoadMethodAttributes (46ms)
			AfterProcessingInitializeOnLoad (15ms)
			EditorAssembliesLoaded (1ms)
		ExecutionOrderSort2 (0ms)
		AwakeInstancesAfterBackupRestoration (17ms)
Failed to load shader (instanceID 410, GUID 9c442dc870b456e48b615cd8add0e9ef)
Failed to load shader (instanceID 408, GUID 493b79ea9c9be44ed8b702014d3ac49c)
Refreshing native plugins compatible for Editor in 7.99 ms, found 3 plugins.
Preloading 0 native plugins for Editor in 0.00 ms.
Unloading 356 Unused Serialized files (Serialized files now loaded: 0)
Unloading 3 unused Assets / (85.8 KB). Loaded Objects now: 867.
Memory consumption went from 77.8 MB to 77.7 MB.
Total: 5.631300 ms (FindLiveObjects: 0.165000 ms CreateObjectMapping: 0.034900 ms MarkObjects: 5.219300 ms  DeleteObjects: 0.210700 ms)

Prepare: number of updated asset objects reloaded= 0
AssetImportParameters requested are different than current active one (requested -> active):
  custom:container-demuxer-ogg: 62fdf1f143b41e24485cea50d1cbac27 -> 
  custom:video-decoder-ogg-theora: a1e56fd34408186e4bbccfd4996cb3dc -> 
  custom:framework-win-MediaFoundation: 216162199b28c13a410421893ffa2e32 -> 
  custom:CustomObjectIndexerAttribute: 6d391050e5a25f67b0a2c618074f2cd9 -> 
  custom:container-demuxer-webm: 4f35f7cbe854078d1ac9338744f61a02 -> 
  custom:container-muxer-webm: aa71ff27fc2769a1b78a27578f13a17b -> 
  custom:video-decoder-webm-vp8: 9c59270c3fd7afecdb556c50c9e8de78 -> 
  custom:SearchIndexIgnoredProperties: e643bd26f0fe6173181afceb89e7c659 -> 
  custom:AudioImporter_EditorPlatform: d09bf68614088b80899f8185d706f6e7 -> 
  custom:video-encoder-webm-vp8: eb34c28f22e8b96e1ab97ce403110664 -> 
  custom:audio-decoder-ogg-vorbis: bf7c407c2cedff20999df2af8eb42d56 -> 
  custom:audio-encoder-webm-vorbis: bf7c407c2cedff20999df2af8eb42d56 -> 
========================================================================
Received Import Request.
  Time since last request: 455.435348 seconds.
  path: Assets/Art
  artifactKey: Guid(0a4cfdb04c6cee844a1cdb873ef0b11b) Importer(815301076,1909f56bfc062723c751e8b465ee728b)
Start importing Assets/Art using Guid(0a4cfdb04c6cee844a1cdb873ef0b11b) Importer(815301076,1909f56bfc062723c751e8b465ee728b)  -> (artifact id: '9967fafc3845b49c971d59da56b43c60') in 0.003844 seconds
Number of updated asset objects reloaded before import = 0
Number of asset objects unloaded after import = 0
========================================================================
Received Import Request.
  Time since last request: 0.039487 seconds.
  path: Assets/Art/Hit.mat
  artifactKey: Guid(c04cdbf4ee6f13543aaa16512547183b) Importer(815301076,1909f56bfc062723c751e8b465ee728b)
Start importing Assets/Art/Hit.mat using Guid(c04cdbf4ee6f13543aaa16512547183b) Importer(815301076,1909f56bfc062723c751e8b465ee728b)  -> (artifact id: '96a4b998370cec020e84cfcc921e3961') in 0.176301 seconds
Number of updated asset objects reloaded before import = 0
Number of asset objects unloaded after import = 2
========================================================================
Received Prepare
Begin MonoManager ReloadAssembly
- Loaded All Assemblies, in  0.624 seconds
Refreshing native plugins compatible for Editor in 6.06 ms, found 3 plugins.
Native extension for WindowsStandalone target not found
[Package Manager] Server::EnsureServerProcessIsRunning -- launch failed, reason: Unity was launched with the -noUpm command-line argument
[Package Manager] UpmClient::Send -- Unable to send message (not connected to UPM process).
[Package Manager] Cannot connect to Unity Package Manager local server
Mono: successfully reloaded assembly
- Finished resetting the current domain, in  1.174 seconds
Domain Reload Profiling: 1795ms
	BeginReloadAssembly (199ms)
		ExecutionOrderSort (0ms)
		DisableScriptedObjects (5ms)
		BackupInstance (0ms)
		ReleaseScriptingObjects (0ms)
		CreateAndSetChildDomain (41ms)
	RebuildCommonClasses (40ms)
	RebuildNativeTypeToScriptingClass (12ms)
	initialDomainReloadingComplete (41ms)
	LoadAllAssembliesAndSetupDomain (327ms)
		LoadAssemblies (413ms)
		RebuildTransferFunctionScriptingTraits (0ms)
		AnalyzeDomain (29ms)
			TypeCache.Refresh (16ms)
				TypeCache.ScanAssembly (0ms)
			ScanForSourceGeneratedMonoScriptInfo (0ms)
			ResolveRequiredComponents (9ms)
	FinalizeReload (1176ms)
		ReleaseScriptCaches (0ms)
		RebuildScriptCaches (0ms)
		SetupLoadedEditorAssemblies (863ms)
			LogAssemblyErrors (0ms)
			InitializePlatformSupportModulesInManaged (16ms)
			SetLoadedEditorAssemblies (7ms)
			RefreshPlugins (0ms)
			BeforeProcessingInitializeOnLoad (135ms)
			ProcessInitializeOnLoadAttributes (655ms)
			ProcessInitializeOnLoadMethodAttributes (32ms)
			AfterProcessingInitializeOnLoad (18ms)
			EditorAssembliesLoaded (0ms)
		ExecutionOrderSort2 (0ms)
		AwakeInstancesAfterBackupRestoration (18ms)
Failed to load shader (instanceID 410, GUID 9c442dc870b456e48b615cd8add0e9ef)
Failed to load shader (instanceID 408, GUID 493b79ea9c9be44ed8b702014d3ac49c)
Refreshing native plugins compatible for Editor in 8.58 ms, found 3 plugins.
Preloading 0 native plugins for Editor in 0.00 ms.
Unloading 356 Unused Serialized files (Serialized files now loaded: 0)
Unloading 3 unused Assets / (85.8 KB). Loaded Objects now: 910.
Memory consumption went from 84.4 MB to 84.3 MB.
Total: 8.621800 ms (FindLiveObjects: 0.538400 ms CreateObjectMapping: 0.279400 ms MarkObjects: 7.578500 ms  DeleteObjects: 0.221800 ms)

Prepare: number of updated asset objects reloaded= 0
AssetImportParameters requested are different than current active one (requested -> active):
  custom:container-demuxer-ogg: 62fdf1f143b41e24485cea50d1cbac27 -> 
  custom:video-decoder-ogg-theora: a1e56fd34408186e4bbccfd4996cb3dc -> 
  custom:framework-win-MediaFoundation: 216162199b28c13a410421893ffa2e32 -> 
  custom:CustomObjectIndexerAttribute: 6d391050e5a25f67b0a2c618074f2cd9 -> 
  custom:container-demuxer-webm: 4f35f7cbe854078d1ac9338744f61a02 -> 
  custom:container-muxer-webm: aa71ff27fc2769a1b78a27578f13a17b -> 
  custom:video-decoder-webm-vp8: 9c59270c3fd7afecdb556c50c9e8de78 -> 
  custom:SearchIndexIgnoredProperties: e643bd26f0fe6173181afceb89e7c659 -> 
  custom:AudioImporter_EditorPlatform: d09bf68614088b80899f8185d706f6e7 -> 
  custom:video-encoder-webm-vp8: eb34c28f22e8b96e1ab97ce403110664 -> 
  custom:audio-decoder-ogg-vorbis: bf7c407c2cedff20999df2af8eb42d56 -> 
  custom:audio-encoder-webm-vorbis: bf7c407c2cedff20999df2af8eb42d56 -> 
========================================================================
Received Prepare
Begin MonoManager ReloadAssembly
- Loaded All Assemblies, in  0.619 seconds
Refreshing native plugins compatible for Editor in 6.41 ms, found 3 plugins.
Native extension for WindowsStandalone target not found
[Package Manager] Server::EnsureServerProcessIsRunning -- launch failed, reason: Unity was launched with the -noUpm command-line argument
[Package Manager] UpmClient::Send -- Unable to send message (not connected to UPM process).
[Package Manager] Cannot connect to Unity Package Manager local server
Mono: successfully reloaded assembly
- Finished resetting the current domain, in  1.144 seconds
Domain Reload Profiling: 1758ms
	BeginReloadAssembly (206ms)
		ExecutionOrderSort (0ms)
		DisableScriptedObjects (9ms)
		BackupInstance (0ms)
		ReleaseScriptingObjects (0ms)
		CreateAndSetChildDomain (40ms)
	RebuildCommonClasses (44ms)
	RebuildNativeTypeToScriptingClass (17ms)
	initialDomainReloadingComplete (44ms)
	LoadAllAssembliesAndSetupDomain (302ms)
		LoadAssemblies (402ms)
		RebuildTransferFunctionScriptingTraits (0ms)
		AnalyzeDomain (18ms)
			TypeCache.Refresh (8ms)
				TypeCache.ScanAssembly (0ms)
			ScanForSourceGeneratedMonoScriptInfo (0ms)
			ResolveRequiredComponents (8ms)
	FinalizeReload (1145ms)
		ReleaseScriptCaches (0ms)
		RebuildScriptCaches (0ms)
		SetupLoadedEditorAssemblies (814ms)
			LogAssemblyErrors (0ms)
			InitializePlatformSupportModulesInManaged (13ms)
			SetLoadedEditorAssemblies (6ms)
			RefreshPlugins (0ms)
			BeforeProcessingInitializeOnLoad (120ms)
			ProcessInitializeOnLoadAttributes (614ms)
			ProcessInitializeOnLoadMethodAttributes (44ms)
			AfterProcessingInitializeOnLoad (17ms)
			EditorAssembliesLoaded (1ms)
		ExecutionOrderSort2 (0ms)
		AwakeInstancesAfterBackupRestoration (15ms)
Failed to load shader (instanceID 410, GUID 9c442dc870b456e48b615cd8add0e9ef)
Failed to load shader (instanceID 408, GUID 493b79ea9c9be44ed8b702014d3ac49c)
Refreshing native plugins compatible for Editor in 9.28 ms, found 3 plugins.
Preloading 0 native plugins for Editor in 0.00 ms.
Unloading 357 Unused Serialized files (Serialized files now loaded: 0)
Unloading 3 unused Assets / (85.9 KB). Loaded Objects now: 913.
Memory consumption went from 86.6 MB to 86.5 MB.
Total: 7.537500 ms (FindLiveObjects: 0.556200 ms CreateObjectMapping: 0.033500 ms MarkObjects: 6.694200 ms  DeleteObjects: 0.244800 ms)

Prepare: number of updated asset objects reloaded= 0
AssetImportParameters requested are different than current active one (requested -> active):
  custom:container-demuxer-ogg: 62fdf1f143b41e24485cea50d1cbac27 -> 
  custom:video-decoder-ogg-theora: a1e56fd34408186e4bbccfd4996cb3dc -> 
  custom:framework-win-MediaFoundation: 216162199b28c13a410421893ffa2e32 -> 
  custom:CustomObjectIndexerAttribute: 6d391050e5a25f67b0a2c618074f2cd9 -> 
  custom:container-demuxer-webm: 4f35f7cbe854078d1ac9338744f61a02 -> 
  custom:container-muxer-webm: aa71ff27fc2769a1b78a27578f13a17b -> 
  custom:video-decoder-webm-vp8: 9c59270c3fd7afecdb556c50c9e8de78 -> 
  custom:SearchIndexIgnoredProperties: e643bd26f0fe6173181afceb89e7c659 -> 
  custom:AudioImporter_EditorPlatform: d09bf68614088b80899f8185d706f6e7 -> 
  custom:video-encoder-webm-vp8: eb34c28f22e8b96e1ab97ce403110664 -> 
  custom:audio-decoder-ogg-vorbis: bf7c407c2cedff20999df2af8eb42d56 -> 
  custom:audio-encoder-webm-vorbis: bf7c407c2cedff20999df2af8eb42d56 -> 
========================================================================
Received Prepare
Begin MonoManager ReloadAssembly
- Loaded All Assemblies, in  0.655 seconds
Refreshing native plugins compatible for Editor in 5.64 ms, found 3 plugins.
Native extension for WindowsStandalone target not found
[Package Manager] Server::EnsureServerProcessIsRunning -- launch failed, reason: Unity was launched with the -noUpm command-line argument
[Package Manager] UpmClient::Send -- Unable to send message (not connected to UPM process).
[Package Manager] Cannot connect to Unity Package Manager local server
Mono: successfully reloaded assembly
- Finished resetting the current domain, in  1.288 seconds
Domain Reload Profiling: 1939ms
	BeginReloadAssembly (214ms)
		ExecutionOrderSort (0ms)
		DisableScriptedObjects (8ms)
		BackupInstance (0ms)
		ReleaseScriptingObjects (0ms)
		CreateAndSetChildDomain (44ms)
	RebuildCommonClasses (50ms)
	RebuildNativeTypeToScriptingClass (18ms)
	initialDomainReloadingComplete (47ms)
	LoadAllAssembliesAndSetupDomain (321ms)
		LoadAssemblies (423ms)
		RebuildTransferFunctionScriptingTraits (0ms)
		AnalyzeDomain (19ms)
			TypeCache.Refresh (7ms)
				TypeCache.ScanAssembly (0ms)
			ScanForSourceGeneratedMonoScriptInfo (0ms)
			ResolveRequiredComponents (9ms)
	FinalizeReload (1290ms)
		ReleaseScriptCaches (0ms)
		RebuildScriptCaches (0ms)
		SetupLoadedEditorAssemblies (916ms)
			LogAssemblyErrors (0ms)
			InitializePlatformSupportModulesInManaged (12ms)
			SetLoadedEditorAssemblies (6ms)
			RefreshPlugins (0ms)
			BeforeProcessingInitializeOnLoad (134ms)
			ProcessInitializeOnLoadAttributes (697ms)
			ProcessInitializeOnLoadMethodAttributes (48ms)
			AfterProcessingInitializeOnLoad (17ms)
			EditorAssembliesLoaded (0ms)
		ExecutionOrderSort2 (0ms)
		AwakeInstancesAfterBackupRestoration (17ms)
Failed to load shader (instanceID 410, GUID 9c442dc870b456e48b615cd8add0e9ef)
Failed to load shader (instanceID 408, GUID 493b79ea9c9be44ed8b702014d3ac49c)
Refreshing native plugins compatible for Editor in 9.38 ms, found 3 plugins.
Preloading 0 native plugins for Editor in 0.00 ms.
Unloading 357 Unused Serialized files (Serialized files now loaded: 0)
Unloading 3 unused Assets / (77.7 KB). Loaded Objects now: 916.
Memory consumption went from 88.5 MB to 88.5 MB.
Total: 6.991300 ms (FindLiveObjects: 0.525700 ms CreateObjectMapping: 0.047300 ms MarkObjects: 6.285600 ms  DeleteObjects: 0.127800 ms)

Prepare: number of updated asset objects reloaded= 0
AssetImportParameters requested are different than current active one (requested -> active):
  custom:container-demuxer-ogg: 62fdf1f143b41e24485cea50d1cbac27 -> 
  custom:video-decoder-ogg-theora: a1e56fd34408186e4bbccfd4996cb3dc -> 
  custom:framework-win-MediaFoundation: 216162199b28c13a410421893ffa2e32 -> 
  custom:CustomObjectIndexerAttribute: 6d391050e5a25f67b0a2c618074f2cd9 -> 
  custom:container-demuxer-webm: 4f35f7cbe854078d1ac9338744f61a02 -> 
  custom:container-muxer-webm: aa71ff27fc2769a1b78a27578f13a17b -> 
  custom:video-decoder-webm-vp8: 9c59270c3fd7afecdb556c50c9e8de78 -> 
  custom:SearchIndexIgnoredProperties: e643bd26f0fe6173181afceb89e7c659 -> 
  custom:AudioImporter_EditorPlatform: d09bf68614088b80899f8185d706f6e7 -> 
  custom:video-encoder-webm-vp8: eb34c28f22e8b96e1ab97ce403110664 -> 
  custom:audio-decoder-ogg-vorbis: bf7c407c2cedff20999df2af8eb42d56 -> 
  custom:audio-encoder-webm-vorbis: bf7c407c2cedff20999df2af8eb42d56 -> 
========================================================================
Received Prepare
Begin MonoManager ReloadAssembly
- Loaded All Assemblies, in  0.660 seconds
Refreshing native plugins compatible for Editor in 6.58 ms, found 3 plugins.
Native extension for WindowsStandalone target not found
[Package Manager] Server::EnsureServerProcessIsRunning -- launch failed, reason: Unity was launched with the -noUpm command-line argument
[Package Manager] UpmClient::Send -- Unable to send message (not connected to UPM process).
[Package Manager] Cannot connect to Unity Package Manager local server
Mono: successfully reloaded assembly
- Finished resetting the current domain, in  1.237 seconds
Domain Reload Profiling: 1892ms
	BeginReloadAssembly (220ms)
		ExecutionOrderSort (0ms)
		DisableScriptedObjects (8ms)
		BackupInstance (0ms)
		ReleaseScriptingObjects (0ms)
		CreateAndSetChildDomain (39ms)
	RebuildCommonClasses (55ms)
	RebuildNativeTypeToScriptingClass (18ms)
	initialDomainReloadingComplete (51ms)
	LoadAllAssembliesAndSetupDomain (311ms)
		LoadAssemblies (424ms)
		RebuildTransferFunctionScriptingTraits (0ms)
		AnalyzeDomain (18ms)
			TypeCache.Refresh (8ms)
				TypeCache.ScanAssembly (0ms)
			ScanForSourceGeneratedMonoScriptInfo (0ms)
			ResolveRequiredComponents (7ms)
	FinalizeReload (1238ms)
		ReleaseScriptCaches (0ms)
		RebuildScriptCaches (0ms)
		SetupLoadedEditorAssemblies (903ms)
			LogAssemblyErrors (0ms)
			InitializePlatformSupportModulesInManaged (13ms)
			SetLoadedEditorAssemblies (5ms)
			RefreshPlugins (0ms)
			BeforeProcessingInitializeOnLoad (151ms)
			ProcessInitializeOnLoadAttributes (673ms)
			ProcessInitializeOnLoadMethodAttributes (44ms)
			AfterProcessingInitializeOnLoad (16ms)
			EditorAssembliesLoaded (0ms)
		ExecutionOrderSort2 (0ms)
		AwakeInstancesAfterBackupRestoration (15ms)
Failed to load shader (instanceID 410, GUID 9c442dc870b456e48b615cd8add0e9ef)
Failed to load shader (instanceID 408, GUID 493b79ea9c9be44ed8b702014d3ac49c)
Refreshing native plugins compatible for Editor in 8.37 ms, found 3 plugins.
Preloading 0 native plugins for Editor in 0.00 ms.
Unloading 357 Unused Serialized files (Serialized files now loaded: 0)
Unloading 3 unused Assets / (85.7 KB). Loaded Objects now: 919.
Memory consumption went from 90.5 MB to 90.4 MB.
Total: 5.727200 ms (FindLiveObjects: 0.159700 ms CreateObjectMapping: 0.035000 ms MarkObjects: 5.422200 ms  DeleteObjects: 0.108400 ms)

Prepare: number of updated asset objects reloaded= 0
AssetImportParameters requested are different than current active one (requested -> active):
  custom:container-demuxer-ogg: 62fdf1f143b41e24485cea50d1cbac27 -> 
  custom:video-decoder-ogg-theora: a1e56fd34408186e4bbccfd4996cb3dc -> 
  custom:framework-win-MediaFoundation: 216162199b28c13a410421893ffa2e32 -> 
  custom:CustomObjectIndexerAttribute: 6d391050e5a25f67b0a2c618074f2cd9 -> 
  custom:container-demuxer-webm: 4f35f7cbe854078d1ac9338744f61a02 -> 
  custom:container-muxer-webm: aa71ff27fc2769a1b78a27578f13a17b -> 
  custom:video-decoder-webm-vp8: 9c59270c3fd7afecdb556c50c9e8de78 -> 
  custom:SearchIndexIgnoredProperties: e643bd26f0fe6173181afceb89e7c659 -> 
  custom:AudioImporter_EditorPlatform: d09bf68614088b80899f8185d706f6e7 -> 
  custom:video-encoder-webm-vp8: eb34c28f22e8b96e1ab97ce403110664 -> 
  custom:audio-decoder-ogg-vorbis: bf7c407c2cedff20999df2af8eb42d56 -> 
  custom:audio-encoder-webm-vorbis: bf7c407c2cedff20999df2af8eb42d56 -> 
========================================================================
Received Import Request.
  Time since last request: 2390.370263 seconds.
  path: Assets/Prefabs/Distractor.prefab
  artifactKey: Guid(b89e1171a10a9a943b150b2a53a05f1b) Importer(815301076,1909f56bfc062723c751e8b465ee728b)
Start importing Assets/Prefabs/Distractor.prefab using Guid(b89e1171a10a9a943b150b2a53a05f1b) Importer(815301076,1909f56bfc062723c751e8b465ee728b)  -> (artifact id: '267992ab33cbe4322602758cc5690c0c') in 0.099874 seconds
Number of updated asset objects reloaded before import = 0
Number of asset objects unloaded after import = 33
========================================================================
Received Import Request.
  Time since last request: 0.000077 seconds.
  path: Assets/Prefabs/Player.prefab
  artifactKey: Guid(54023def0b5ff884ca6ea0c741c84b0d) Importer(815301076,1909f56bfc062723c751e8b465ee728b)
Start importing Assets/Prefabs/Player.prefab using Guid(54023def0b5ff884ca6ea0c741c84b0d) Importer(815301076,1909f56bfc062723c751e8b465ee728b)  -> (artifact id: 'df879f5cdb6bb4bc5addd1fe81b46777') in 0.105165 seconds
Number of updated asset objects reloaded before import = 0
Number of asset objects unloaded after import = 60
========================================================================
Received Import Request.
  Time since last request: 22.666904 seconds.
  path: Assets/Prefabs/Distractor.prefab
  artifactKey: Guid(b89e1171a10a9a943b150b2a53a05f1b) Importer(815301076,1909f56bfc062723c751e8b465ee728b)
Start importing Assets/Prefabs/Distractor.prefab using Guid(b89e1171a10a9a943b150b2a53a05f1b) Importer(815301076,1909f56bfc062723c751e8b465ee728b)  -> (artifact id: 'b773bd187fd46d157b679da2433e7080') in 0.004794 seconds
Number of updated asset objects reloaded before import = 0
Number of asset objects unloaded after import = 33
========================================================================
Received Import Request.
  Time since last request: 5.225672 seconds.
  path: Assets/Prefabs/Distractor.prefab
  artifactKey: Guid(b89e1171a10a9a943b150b2a53a05f1b) Importer(815301076,1909f56bfc062723c751e8b465ee728b)
Start importing Assets/Prefabs/Distractor.prefab using Guid(b89e1171a10a9a943b150b2a53a05f1b) Importer(815301076,1909f56bfc062723c751e8b465ee728b)  -> (artifact id: 'c2c74e45e9af3430b4e4527a1cc615c2') in 0.005274 seconds
Number of updated asset objects reloaded before import = 0
Number of asset objects unloaded after import = 33
========================================================================
Received Import Request.
  Time since last request: 8.270584 seconds.
  path: Assets/Prefabs/Distractor.prefab
  artifactKey: Guid(b89e1171a10a9a943b150b2a53a05f1b) Importer(815301076,1909f56bfc062723c751e8b465ee728b)
Start importing Assets/Prefabs/Distractor.prefab using Guid(b89e1171a10a9a943b150b2a53a05f1b) Importer(815301076,1909f56bfc062723c751e8b465ee728b)  -> (artifact id: '5eaa3a39bd974dc655d9b4c22d9b4fb0') in 0.004605 seconds
Number of updated asset objects reloaded before import = 0
Number of asset objects unloaded after import = 33
========================================================================
Received Import Request.
  Time since last request: 2.827791 seconds.
  path: Assets/Prefabs/Distractor.prefab
  artifactKey: Guid(b89e1171a10a9a943b150b2a53a05f1b) Importer(815301076,1909f56bfc062723c751e8b465ee728b)
Start importing Assets/Prefabs/Distractor.prefab using Guid(b89e1171a10a9a943b150b2a53a05f1b) Importer(815301076,1909f56bfc062723c751e8b465ee728b)  -> (artifact id: '58fedcbb21634d6e2272c0e049c235b1') in 0.005233 seconds
Number of updated asset objects reloaded before import = 0
Number of asset objects unloaded after import = 33
========================================================================
Received Import Request.
  Time since last request: 6.246179 seconds.
  path: Assets/Prefabs/Distractor.prefab
  artifactKey: Guid(b89e1171a10a9a943b150b2a53a05f1b) Importer(815301076,1909f56bfc062723c751e8b465ee728b)
Start importing Assets/Prefabs/Distractor.prefab using Guid(b89e1171a10a9a943b150b2a53a05f1b) Importer(815301076,1909f56bfc062723c751e8b465ee728b)  -> (artifact id: '9e43b68233a9a33d12a2705fbee8f64c') in 0.003538 seconds
Number of updated asset objects reloaded before import = 0
Number of asset objects unloaded after import = 33
========================================================================
Received Import Request.
  Time since last request: 11.148231 seconds.
  path: Assets/Prefabs/Distractor.prefab
  artifactKey: Guid(b89e1171a10a9a943b150b2a53a05f1b) Importer(815301076,1909f56bfc062723c751e8b465ee728b)
Start importing Assets/Prefabs/Distractor.prefab using Guid(b89e1171a10a9a943b150b2a53a05f1b) Importer(815301076,1909f56bfc062723c751e8b465ee728b)  -> (artifact id: 'f7dd9a5acdbb9cc5b729c69807c9030f') in 0.006271 seconds
Number of updated asset objects reloaded before import = 0
Number of asset objects unloaded after import = 33
========================================================================
Received Import Request.
  Time since last request: 6.057595 seconds.
  path: Assets/Prefabs/Distractor.prefab
  artifactKey: Guid(b89e1171a10a9a943b150b2a53a05f1b) Importer(815301076,1909f56bfc062723c751e8b465ee728b)
Start importing Assets/Prefabs/Distractor.prefab using Guid(b89e1171a10a9a943b150b2a53a05f1b) Importer(815301076,1909f56bfc062723c751e8b465ee728b)  -> (artifact id: 'd886191c878597148dffa9b62aded981') in 0.006756 seconds
Number of updated asset objects reloaded before import = 0
Number of asset objects unloaded after import = 33
========================================================================
Received Import Request.
  Time since last request: 2.207707 seconds.
  path: Assets/Prefabs/Distractor.prefab
  artifactKey: Guid(b89e1171a10a9a943b150b2a53a05f1b) Importer(815301076,1909f56bfc062723c751e8b465ee728b)
Start importing Assets/Prefabs/Distractor.prefab using Guid(b89e1171a10a9a943b150b2a53a05f1b) Importer(815301076,1909f56bfc062723c751e8b465ee728b)  -> (artifact id: '9203edda28b3592282f32e0f905fd192') in 0.008480 seconds
Number of updated asset objects reloaded before import = 0
Number of asset objects unloaded after import = 33
========================================================================
Received Import Request.
  Time since last request: 3.231434 seconds.
  path: Assets/Prefabs/Distractor.prefab
  artifactKey: Guid(b89e1171a10a9a943b150b2a53a05f1b) Importer(815301076,1909f56bfc062723c751e8b465ee728b)
Start importing Assets/Prefabs/Distractor.prefab using Guid(b89e1171a10a9a943b150b2a53a05f1b) Importer(815301076,1909f56bfc062723c751e8b465ee728b)  -> (artifact id: '362702d8f2cb0fe95151f9a454f5934a') in 0.005471 seconds
Number of updated asset objects reloaded before import = 0
Number of asset objects unloaded after import = 33
========================================================================
Received Import Request.
  Time since last request: 1.201991 seconds.
  path: Assets/Prefabs/Distractor.prefab
  artifactKey: Guid(b89e1171a10a9a943b150b2a53a05f1b) Importer(815301076,1909f56bfc062723c751e8b465ee728b)
Start importing Assets/Prefabs/Distractor.prefab using Guid(b89e1171a10a9a943b150b2a53a05f1b) Importer(815301076,1909f56bfc062723c751e8b465ee728b)  -> (artifact id: '036c23369c3381ba4b51789a28cfc44b') in 0.005330 seconds
Number of updated asset objects reloaded before import = 0
Number of asset objects unloaded after import = 33
========================================================================
Received Import Request.
  Time since last request: 3.440877 seconds.
  path: Assets/Prefabs/Distractor.prefab
  artifactKey: Guid(b89e1171a10a9a943b150b2a53a05f1b) Importer(815301076,1909f56bfc062723c751e8b465ee728b)
Start importing Assets/Prefabs/Distractor.prefab using Guid(b89e1171a10a9a943b150b2a53a05f1b) Importer(815301076,1909f56bfc062723c751e8b465ee728b)  -> (artifact id: '394658e184a08984ba457e00e751d986') in 0.005119 seconds
Number of updated asset objects reloaded before import = 0
Number of asset objects unloaded after import = 33
========================================================================
Received Import Request.
  Time since last request: 297.674312 seconds.
  path: Assets/Prefabs/Distractor.prefab
  artifactKey: Guid(b89e1171a10a9a943b150b2a53a05f1b) Importer(815301076,1909f56bfc062723c751e8b465ee728b)
Start importing Assets/Prefabs/Distractor.prefab using Guid(b89e1171a10a9a943b150b2a53a05f1b) Importer(815301076,1909f56bfc062723c751e8b465ee728b)  -> (artifact id: '3fbd9ba5e4cdd535ee4b3f11d06a1bc7') in 0.005192 seconds
Number of updated asset objects reloaded before import = 0
Number of asset objects unloaded after import = 33
========================================================================
Received Import Request.
  Time since last request: 6.269462 seconds.
  path: Assets/Prefabs/Distractor.prefab
  artifactKey: Guid(b89e1171a10a9a943b150b2a53a05f1b) Importer(815301076,1909f56bfc062723c751e8b465ee728b)
Start importing Assets/Prefabs/Distractor.prefab using Guid(b89e1171a10a9a943b150b2a53a05f1b) Importer(815301076,1909f56bfc062723c751e8b465ee728b)  -> (artifact id: '39e0a07a81ca45a8d5558a7e478474a6') in 0.004006 seconds
Number of updated asset objects reloaded before import = 0
Number of asset objects unloaded after import = 33
========================================================================
Received Import Request.
  Time since last request: 1.603049 seconds.
  path: Assets/Prefabs/Distractor.prefab
  artifactKey: Guid(b89e1171a10a9a943b150b2a53a05f1b) Importer(815301076,1909f56bfc062723c751e8b465ee728b)
Start importing Assets/Prefabs/Distractor.prefab using Guid(b89e1171a10a9a943b150b2a53a05f1b) Importer(815301076,1909f56bfc062723c751e8b465ee728b)  -> (artifact id: '3d7084ba8fcbcb43aafb1adc7185aa61') in 0.006421 seconds
Number of updated asset objects reloaded before import = 0
Number of asset objects unloaded after import = 33
========================================================================
Received Import Request.
  Time since last request: 4.065620 seconds.
  path: Assets/Prefabs/Distractor.prefab
  artifactKey: Guid(b89e1171a10a9a943b150b2a53a05f1b) Importer(815301076,1909f56bfc062723c751e8b465ee728b)
Start importing Assets/Prefabs/Distractor.prefab using Guid(b89e1171a10a9a943b150b2a53a05f1b) Importer(815301076,1909f56bfc062723c751e8b465ee728b)  -> (artifact id: '8939bbe3821709a757b82b137613841c') in 0.004669 seconds
Number of updated asset objects reloaded before import = 0
Number of asset objects unloaded after import = 33
========================================================================
Received Import Request.
  Time since last request: 0.369199 seconds.
  path: Assets/Prefabs/Distractor.prefab
  artifactKey: Guid(b89e1171a10a9a943b150b2a53a05f1b) Importer(815301076,1909f56bfc062723c751e8b465ee728b)
Start importing Assets/Prefabs/Distractor.prefab using Guid(b89e1171a10a9a943b150b2a53a05f1b) Importer(815301076,1909f56bfc062723c751e8b465ee728b)  -> (artifact id: '4687cf1012900f045bf2ab0668172753') in 0.004876 seconds
Number of updated asset objects reloaded before import = 0
Number of asset objects unloaded after import = 33
========================================================================
Received Import Request.
  Time since last request: 5.473312 seconds.
  path: Assets/Prefabs/Distractor.prefab
  artifactKey: Guid(b89e1171a10a9a943b150b2a53a05f1b) Importer(815301076,1909f56bfc062723c751e8b465ee728b)
Start importing Assets/Prefabs/Distractor.prefab using Guid(b89e1171a10a9a943b150b2a53a05f1b) Importer(815301076,1909f56bfc062723c751e8b465ee728b)  -> (artifact id: '28f014e8dcb800b2efcc904805de3211') in 0.005959 seconds
Number of updated asset objects reloaded before import = 0
Number of asset objects unloaded after import = 33
========================================================================
Received Import Request.
  Time since last request: 0.403480 seconds.
  path: Assets/Prefabs/Distractor.prefab
  artifactKey: Guid(b89e1171a10a9a943b150b2a53a05f1b) Importer(815301076,1909f56bfc062723c751e8b465ee728b)
Start importing Assets/Prefabs/Distractor.prefab using Guid(b89e1171a10a9a943b150b2a53a05f1b) Importer(815301076,1909f56bfc062723c751e8b465ee728b)  -> (artifact id: 'c84e598c55c5130056012246e6ea27f0') in 0.006180 seconds
Number of updated asset objects reloaded before import = 0
Number of asset objects unloaded after import = 33
========================================================================
Received Import Request.
  Time since last request: 5.422571 seconds.
  path: Assets/Prefabs/Distractor.prefab
  artifactKey: Guid(b89e1171a10a9a943b150b2a53a05f1b) Importer(815301076,1909f56bfc062723c751e8b465ee728b)
Start importing Assets/Prefabs/Distractor.prefab using Guid(b89e1171a10a9a943b150b2a53a05f1b) Importer(815301076,1909f56bfc062723c751e8b465ee728b)  -> (artifact id: '1e6d27f173d08f96084844d7597a8cd8') in 0.005385 seconds
Number of updated asset objects reloaded before import = 0
Number of asset objects unloaded after import = 33
========================================================================
Received Import Request.
  Time since last request: 2.619082 seconds.
  path: Assets/Prefabs/Distractor.prefab
  artifactKey: Guid(b89e1171a10a9a943b150b2a53a05f1b) Importer(815301076,1909f56bfc062723c751e8b465ee728b)
Start importing Assets/Prefabs/Distractor.prefab using Guid(b89e1171a10a9a943b150b2a53a05f1b) Importer(815301076,1909f56bfc062723c751e8b465ee728b)  -> (artifact id: '5ee44b83fc66da5c665cab7112b9c142') in 0.007022 seconds
Number of updated asset objects reloaded before import = 0
Number of asset objects unloaded after import = 33
========================================================================
Received Import Request.
  Time since last request: 2.212575 seconds.
  path: Assets/Prefabs/Distractor.prefab
  artifactKey: Guid(b89e1171a10a9a943b150b2a53a05f1b) Importer(815301076,1909f56bfc062723c751e8b465ee728b)
Start importing Assets/Prefabs/Distractor.prefab using Guid(b89e1171a10a9a943b150b2a53a05f1b) Importer(815301076,1909f56bfc062723c751e8b465ee728b)  -> (artifact id: '82e0eff6d485fabc6290f9ff60d1fc6c') in 0.005320 seconds
Number of updated asset objects reloaded before import = 0
Number of asset objects unloaded after import = 33
========================================================================
Received Import Request.
  Time since last request: 1.915295 seconds.
  path: Assets/Prefabs/Distractor.prefab
  artifactKey: Guid(b89e1171a10a9a943b150b2a53a05f1b) Importer(815301076,1909f56bfc062723c751e8b465ee728b)
Start importing Assets/Prefabs/Distractor.prefab using Guid(b89e1171a10a9a943b150b2a53a05f1b) Importer(815301076,1909f56bfc062723c751e8b465ee728b)  -> (artifact id: 'a0cb491f4c895de90674ee683cfb85dc') in 0.007578 seconds
Number of updated asset objects reloaded before import = 0
Number of asset objects unloaded after import = 33
========================================================================
Received Import Request.
  Time since last request: 0.406167 seconds.
  path: Assets/Prefabs/Distractor.prefab
  artifactKey: Guid(b89e1171a10a9a943b150b2a53a05f1b) Importer(815301076,1909f56bfc062723c751e8b465ee728b)
Start importing Assets/Prefabs/Distractor.prefab using Guid(b89e1171a10a9a943b150b2a53a05f1b) Importer(815301076,1909f56bfc062723c751e8b465ee728b)  -> (artifact id: '1cc468471fe8ff1257dd63f122053d95') in 0.005092 seconds
Number of updated asset objects reloaded before import = 0
Number of asset objects unloaded after import = 33
========================================================================
Received Import Request.
  Time since last request: 4.462016 seconds.
  path: Assets/Prefabs/Distractor.prefab
  artifactKey: Guid(b89e1171a10a9a943b150b2a53a05f1b) Importer(815301076,1909f56bfc062723c751e8b465ee728b)
Start importing Assets/Prefabs/Distractor.prefab using Guid(b89e1171a10a9a943b150b2a53a05f1b) Importer(815301076,1909f56bfc062723c751e8b465ee728b)  -> (artifact id: 'ee609f6fdf4df3767bb7dba2c5c507c7') in 0.004931 seconds
Number of updated asset objects reloaded before import = 0
Number of asset objects unloaded after import = 33
========================================================================
Received Import Request.
  Time since last request: 3.621635 seconds.
  path: Assets/Prefabs/Distractor.prefab
  artifactKey: Guid(b89e1171a10a9a943b150b2a53a05f1b) Importer(815301076,1909f56bfc062723c751e8b465ee728b)
Start importing Assets/Prefabs/Distractor.prefab using Guid(b89e1171a10a9a943b150b2a53a05f1b) Importer(815301076,1909f56bfc062723c751e8b465ee728b)  -> (artifact id: '428c88779463b751d733f818f41ae884') in 0.006340 seconds
Number of updated asset objects reloaded before import = 0
Number of asset objects unloaded after import = 33
========================================================================
Received Import Request.
  Time since last request: 0.196118 seconds.
  path: Assets/Prefabs/Distractor.prefab
  artifactKey: Guid(b89e1171a10a9a943b150b2a53a05f1b) Importer(815301076,1909f56bfc062723c751e8b465ee728b)
Start importing Assets/Prefabs/Distractor.prefab using Guid(b89e1171a10a9a943b150b2a53a05f1b) Importer(815301076,1909f56bfc062723c751e8b465ee728b)  -> (artifact id: 'a54b2a30e5962deb22c0d4e92d48954c') in 0.005817 seconds
Number of updated asset objects reloaded before import = 0
Number of asset objects unloaded after import = 33
========================================================================
Received Import Request.
  Time since last request: 2.424308 seconds.
  path: Assets/Prefabs/Distractor.prefab
  artifactKey: Guid(b89e1171a10a9a943b150b2a53a05f1b) Importer(815301076,1909f56bfc062723c751e8b465ee728b)
Start importing Assets/Prefabs/Distractor.prefab using Guid(b89e1171a10a9a943b150b2a53a05f1b) Importer(815301076,1909f56bfc062723c751e8b465ee728b)  -> (artifact id: 'ccf8291a2ac07699560d4df705325f85') in 0.004870 seconds
Number of updated asset objects reloaded before import = 0
Number of asset objects unloaded after import = 33
========================================================================
Received Import Request.
  Time since last request: 4.231165 seconds.
  path: Assets/Prefabs/Distractor.prefab
  artifactKey: Guid(b89e1171a10a9a943b150b2a53a05f1b) Importer(815301076,1909f56bfc062723c751e8b465ee728b)
Start importing Assets/Prefabs/Distractor.prefab using Guid(b89e1171a10a9a943b150b2a53a05f1b) Importer(815301076,1909f56bfc062723c751e8b465ee728b)  -> (artifact id: '6fa08056165c368b9f8a69ff84347408') in 0.004400 seconds
Number of updated asset objects reloaded before import = 0
Number of asset objects unloaded after import = 33
========================================================================
Received Import Request.
  Time since last request: 2.418281 seconds.
  path: Assets/Prefabs/Distractor.prefab
  artifactKey: Guid(b89e1171a10a9a943b150b2a53a05f1b) Importer(815301076,1909f56bfc062723c751e8b465ee728b)
Start importing Assets/Prefabs/Distractor.prefab using Guid(b89e1171a10a9a943b150b2a53a05f1b) Importer(815301076,1909f56bfc062723c751e8b465ee728b)  -> (artifact id: '836444780886c2c518bf20ae5daaed9f') in 0.005278 seconds
Number of updated asset objects reloaded before import = 0
Number of asset objects unloaded after import = 33
========================================================================
Received Import Request.
  Time since last request: 0.198392 seconds.
  path: Assets/Prefabs/Distractor.prefab
  artifactKey: Guid(b89e1171a10a9a943b150b2a53a05f1b) Importer(815301076,1909f56bfc062723c751e8b465ee728b)
Start importing Assets/Prefabs/Distractor.prefab using Guid(b89e1171a10a9a943b150b2a53a05f1b) Importer(815301076,1909f56bfc062723c751e8b465ee728b)  -> (artifact id: 'd19f02f79e0faaad390bcc9cafd71d66') in 0.005332 seconds
Number of updated asset objects reloaded before import = 0
Number of asset objects unloaded after import = 33
========================================================================
Received Import Request.
  Time since last request: 2.617632 seconds.
  path: Assets/Prefabs/Distractor.prefab
  artifactKey: Guid(b89e1171a10a9a943b150b2a53a05f1b) Importer(815301076,1909f56bfc062723c751e8b465ee728b)
Start importing Assets/Prefabs/Distractor.prefab using Guid(b89e1171a10a9a943b150b2a53a05f1b) Importer(815301076,1909f56bfc062723c751e8b465ee728b)  -> (artifact id: 'e3e9048335d44c4b6a952d062b5c107d') in 0.006026 seconds
Number of updated asset objects reloaded before import = 0
Number of asset objects unloaded after import = 33
========================================================================
Received Import Request.
  Time since last request: 1.807451 seconds.
  path: Assets/Prefabs/Distractor.prefab
  artifactKey: Guid(b89e1171a10a9a943b150b2a53a05f1b) Importer(815301076,1909f56bfc062723c751e8b465ee728b)
Start importing Assets/Prefabs/Distractor.prefab using Guid(b89e1171a10a9a943b150b2a53a05f1b) Importer(815301076,1909f56bfc062723c751e8b465ee728b)  -> (artifact id: 'a6e6b75f5f99eca572d0337a2aa25e94') in 0.009522 seconds
Number of updated asset objects reloaded before import = 0
Number of asset objects unloaded after import = 33
========================================================================
Received Import Request.
  Time since last request: 6.257696 seconds.
  path: Assets/Prefabs/Distractor.prefab
  artifactKey: Guid(b89e1171a10a9a943b150b2a53a05f1b) Importer(815301076,1909f56bfc062723c751e8b465ee728b)
Start importing Assets/Prefabs/Distractor.prefab using Guid(b89e1171a10a9a943b150b2a53a05f1b) Importer(815301076,1909f56bfc062723c751e8b465ee728b)  -> (artifact id: '295380c7fa714f92d72d51e72de29603') in 0.005384 seconds
Number of updated asset objects reloaded before import = 0
Number of asset objects unloaded after import = 33
========================================================================
Received Import Request.
  Time since last request: 2.236112 seconds.
  path: Assets/Prefabs/Distractor.prefab
  artifactKey: Guid(b89e1171a10a9a943b150b2a53a05f1b) Importer(815301076,1909f56bfc062723c751e8b465ee728b)
Start importing Assets/Prefabs/Distractor.prefab using Guid(b89e1171a10a9a943b150b2a53a05f1b) Importer(815301076,1909f56bfc062723c751e8b465ee728b)  -> (artifact id: 'bf4b2020da72715cbe91e66ac0a64236') in 0.004853 seconds
Number of updated asset objects reloaded before import = 0
Number of asset objects unloaded after import = 33
========================================================================
Received Import Request.
  Time since last request: 7.054872 seconds.
  path: Assets/Prefabs/Distractor.prefab
  artifactKey: Guid(b89e1171a10a9a943b150b2a53a05f1b) Importer(815301076,1909f56bfc062723c751e8b465ee728b)
Start importing Assets/Prefabs/Distractor.prefab using Guid(b89e1171a10a9a943b150b2a53a05f1b) Importer(815301076,1909f56bfc062723c751e8b465ee728b)  -> (artifact id: 'a38521f35d33c3836355332fbb2f198f') in 0.005412 seconds
Number of updated asset objects reloaded before import = 0
Number of asset objects unloaded after import = 33
========================================================================
Received Import Request.
  Time since last request: 5.864153 seconds.
  path: Assets/Prefabs/Distractor.prefab
  artifactKey: Guid(b89e1171a10a9a943b150b2a53a05f1b) Importer(815301076,1909f56bfc062723c751e8b465ee728b)
Start importing Assets/Prefabs/Distractor.prefab using Guid(b89e1171a10a9a943b150b2a53a05f1b) Importer(815301076,1909f56bfc062723c751e8b465ee728b)  -> (artifact id: '846b5830698d0129a5cb447decd9b836') in 0.004713 seconds
Number of updated asset objects reloaded before import = 0
Number of asset objects unloaded after import = 33
========================================================================
Received Import Request.
  Time since last request: 1.412253 seconds.
  path: Assets/Prefabs/Distractor.prefab
  artifactKey: Guid(b89e1171a10a9a943b150b2a53a05f1b) Importer(815301076,1909f56bfc062723c751e8b465ee728b)
Start importing Assets/Prefabs/Distractor.prefab using Guid(b89e1171a10a9a943b150b2a53a05f1b) Importer(815301076,1909f56bfc062723c751e8b465ee728b)  -> (artifact id: '48a348df32cc1145297254419f3244b3') in 0.004897 seconds
Number of updated asset objects reloaded before import = 0
Number of asset objects unloaded after import = 33
========================================================================
Received Import Request.
  Time since last request: 2.412144 seconds.
  path: Assets/Prefabs/Distractor.prefab
  artifactKey: Guid(b89e1171a10a9a943b150b2a53a05f1b) Importer(815301076,1909f56bfc062723c751e8b465ee728b)
Start importing Assets/Prefabs/Distractor.prefab using Guid(b89e1171a10a9a943b150b2a53a05f1b) Importer(815301076,1909f56bfc062723c751e8b465ee728b)  -> (artifact id: '122d5f2c0b63207fb2683fd07b62f297') in 0.005274 seconds
Number of updated asset objects reloaded before import = 0
Number of asset objects unloaded after import = 33
========================================================================
Received Import Request.
  Time since last request: 1.824468 seconds.
  path: Assets/Prefabs/Distractor.prefab
  artifactKey: Guid(b89e1171a10a9a943b150b2a53a05f1b) Importer(815301076,1909f56bfc062723c751e8b465ee728b)
Start importing Assets/Prefabs/Distractor.prefab using Guid(b89e1171a10a9a943b150b2a53a05f1b) Importer(815301076,1909f56bfc062723c751e8b465ee728b)  -> (artifact id: '9a48d89a07d83ea241522fc693fce584') in 0.007454 seconds
Number of updated asset objects reloaded before import = 0
Number of asset objects unloaded after import = 33
========================================================================
Received Import Request.
  Time since last request: 5.237502 seconds.
  path: Assets/Prefabs/Distractor.prefab
  artifactKey: Guid(b89e1171a10a9a943b150b2a53a05f1b) Importer(815301076,1909f56bfc062723c751e8b465ee728b)
Start importing Assets/Prefabs/Distractor.prefab using Guid(b89e1171a10a9a943b150b2a53a05f1b) Importer(815301076,1909f56bfc062723c751e8b465ee728b)  -> (artifact id: '544624e0147d51baba9773e72a7fe1b0') in 0.005754 seconds
Number of updated asset objects reloaded before import = 0
Number of asset objects unloaded after import = 33
========================================================================
Received Import Request.
  Time since last request: 2.421880 seconds.
  path: Assets/Prefabs/Distractor.prefab
  artifactKey: Guid(b89e1171a10a9a943b150b2a53a05f1b) Importer(815301076,1909f56bfc062723c751e8b465ee728b)
Start importing Assets/Prefabs/Distractor.prefab using Guid(b89e1171a10a9a943b150b2a53a05f1b) Importer(815301076,1909f56bfc062723c751e8b465ee728b)  -> (artifact id: '76a0098ac061d6d6f4e9643dd52619a4') in 0.006227 seconds
Number of updated asset objects reloaded before import = 0
Number of asset objects unloaded after import = 33
========================================================================
Received Import Request.
  Time since last request: 1.416490 seconds.
  path: Assets/Prefabs/Distractor.prefab
  artifactKey: Guid(b89e1171a10a9a943b150b2a53a05f1b) Importer(815301076,1909f56bfc062723c751e8b465ee728b)
Start importing Assets/Prefabs/Distractor.prefab using Guid(b89e1171a10a9a943b150b2a53a05f1b) Importer(815301076,1909f56bfc062723c751e8b465ee728b)  -> (artifact id: '70e05ea041af57e298b63ac245fb9c77') in 0.004791 seconds
Number of updated asset objects reloaded before import = 0
Number of asset objects unloaded after import = 33
========================================================================
Received Import Request.
  Time since last request: 4.027872 seconds.
  path: Assets/Prefabs/Distractor.prefab
  artifactKey: Guid(b89e1171a10a9a943b150b2a53a05f1b) Importer(815301076,1909f56bfc062723c751e8b465ee728b)
Start importing Assets/Prefabs/Distractor.prefab using Guid(b89e1171a10a9a943b150b2a53a05f1b) Importer(815301076,1909f56bfc062723c751e8b465ee728b)  -> (artifact id: 'c976645b3d9e88d426188daebb279bf7') in 0.007338 seconds
Number of updated asset objects reloaded before import = 0
Number of asset objects unloaded after import = 33
========================================================================
Received Import Request.
  Time since last request: 10.306132 seconds.
  path: Assets/Prefabs/Distractor.prefab
  artifactKey: Guid(b89e1171a10a9a943b150b2a53a05f1b) Importer(815301076,1909f56bfc062723c751e8b465ee728b)
Start importing Assets/Prefabs/Distractor.prefab using Guid(b89e1171a10a9a943b150b2a53a05f1b) Importer(815301076,1909f56bfc062723c751e8b465ee728b)  -> (artifact id: 'f1941e5a0e285dbe10336770f3fdc2a0') in 0.005429 seconds
Number of updated asset objects reloaded before import = 0
Number of asset objects unloaded after import = 33
========================================================================
Received Import Request.
  Time since last request: 2.023363 seconds.
  path: Assets/Prefabs/Distractor.prefab
  artifactKey: Guid(b89e1171a10a9a943b150b2a53a05f1b) Importer(815301076,1909f56bfc062723c751e8b465ee728b)
Start importing Assets/Prefabs/Distractor.prefab using Guid(b89e1171a10a9a943b150b2a53a05f1b) Importer(815301076,1909f56bfc062723c751e8b465ee728b)  -> (artifact id: '4d7c3747be893bece04ab4e05a8658bb') in 0.007557 seconds
Number of updated asset objects reloaded before import = 0
Number of asset objects unloaded after import = 33
========================================================================
Received Import Request.
  Time since last request: 0.392751 seconds.
  path: Assets/Prefabs/Distractor.prefab
  artifactKey: Guid(b89e1171a10a9a943b150b2a53a05f1b) Importer(815301076,1909f56bfc062723c751e8b465ee728b)
Start importing Assets/Prefabs/Distractor.prefab using Guid(b89e1171a10a9a943b150b2a53a05f1b) Importer(815301076,1909f56bfc062723c751e8b465ee728b)  -> (artifact id: 'e3102a54734398ffc5290b671062e719') in 0.005308 seconds
Number of updated asset objects reloaded before import = 0
Number of asset objects unloaded after import = 33
========================================================================
Received Import Request.
  Time since last request: 0.598941 seconds.
  path: Assets/Prefabs/Distractor.prefab
  artifactKey: Guid(b89e1171a10a9a943b150b2a53a05f1b) Importer(815301076,1909f56bfc062723c751e8b465ee728b)
Start importing Assets/Prefabs/Distractor.prefab using Guid(b89e1171a10a9a943b150b2a53a05f1b) Importer(815301076,1909f56bfc062723c751e8b465ee728b)  -> (artifact id: '2bace2d1413558f48a40712f30909f39') in 0.004735 seconds
Number of updated asset objects reloaded before import = 0
Number of asset objects unloaded after import = 33
========================================================================
Received Import Request.
  Time since last request: 1.233917 seconds.
  path: Assets/Prefabs/Distractor.prefab
  artifactKey: Guid(b89e1171a10a9a943b150b2a53a05f1b) Importer(815301076,1909f56bfc062723c751e8b465ee728b)
Start importing Assets/Prefabs/Distractor.prefab using Guid(b89e1171a10a9a943b150b2a53a05f1b) Importer(815301076,1909f56bfc062723c751e8b465ee728b)  -> (artifact id: 'be5b8d84d9e4a9b9312342e7037b421b') in 0.006629 seconds
Number of updated asset objects reloaded before import = 0
Number of asset objects unloaded after import = 33
========================================================================
Received Import Request.
  Time since last request: 1.597705 seconds.
  path: Assets/Prefabs/Distractor.prefab
  artifactKey: Guid(b89e1171a10a9a943b150b2a53a05f1b) Importer(815301076,1909f56bfc062723c751e8b465ee728b)
Start importing Assets/Prefabs/Distractor.prefab using Guid(b89e1171a10a9a943b150b2a53a05f1b) Importer(815301076,1909f56bfc062723c751e8b465ee728b)  -> (artifact id: 'a4c67610b4d8c923bb6a96903308ab3e') in 0.005197 seconds
Number of updated asset objects reloaded before import = 0
Number of asset objects unloaded after import = 33
========================================================================
Received Import Request.
  Time since last request: 0.198335 seconds.
  path: Assets/Prefabs/Distractor.prefab
  artifactKey: Guid(b89e1171a10a9a943b150b2a53a05f1b) Importer(815301076,1909f56bfc062723c751e8b465ee728b)
Start importing Assets/Prefabs/Distractor.prefab using Guid(b89e1171a10a9a943b150b2a53a05f1b) Importer(815301076,1909f56bfc062723c751e8b465ee728b)  -> (artifact id: '713e4d3e6e3e68ee48c5256de37f4617') in 0.005103 seconds
Number of updated asset objects reloaded before import = 0
Number of asset objects unloaded after import = 33
========================================================================
Received Import Request.
  Time since last request: 5.113980 seconds.
  path: Assets/Prefabs/Distractor.prefab
  artifactKey: Guid(b89e1171a10a9a943b150b2a53a05f1b) Importer(815301076,1909f56bfc062723c751e8b465ee728b)
Start importing Assets/Prefabs/Distractor.prefab using Guid(b89e1171a10a9a943b150b2a53a05f1b) Importer(815301076,1909f56bfc062723c751e8b465ee728b)  -> (artifact id: '22cceb1204a4c8d4bccee696147c2bb2') in 0.004939 seconds
Number of updated asset objects reloaded before import = 0
Number of asset objects unloaded after import = 33
========================================================================
Received Import Request.
  Time since last request: 2.811493 seconds.
  path: Assets/Prefabs/Distractor.prefab
  artifactKey: Guid(b89e1171a10a9a943b150b2a53a05f1b) Importer(815301076,1909f56bfc062723c751e8b465ee728b)
Start importing Assets/Prefabs/Distractor.prefab using Guid(b89e1171a10a9a943b150b2a53a05f1b) Importer(815301076,1909f56bfc062723c751e8b465ee728b)  -> (artifact id: 'e2caf8147785a7ac6c1f579cf3f79b0f') in 0.005761 seconds
Number of updated asset objects reloaded before import = 0
Number of asset objects unloaded after import = 33
========================================================================
Received Import Request.
  Time since last request: 6.079439 seconds.
  path: Assets/Prefabs/Distractor.prefab
  artifactKey: Guid(b89e1171a10a9a943b150b2a53a05f1b) Importer(815301076,1909f56bfc062723c751e8b465ee728b)
Start importing Assets/Prefabs/Distractor.prefab using Guid(b89e1171a10a9a943b150b2a53a05f1b) Importer(815301076,1909f56bfc062723c751e8b465ee728b)  -> (artifact id: '6de97e3a5550dc5ae2728c6b86269fa4') in 0.006382 seconds
Number of updated asset objects reloaded before import = 0
Number of asset objects unloaded after import = 33
========================================================================
Received Import Request.
  Time since last request: 9.903231 seconds.
  path: Assets/Prefabs/Distractor.prefab
  artifactKey: Guid(b89e1171a10a9a943b150b2a53a05f1b) Importer(815301076,1909f56bfc062723c751e8b465ee728b)
Start importing Assets/Prefabs/Distractor.prefab using Guid(b89e1171a10a9a943b150b2a53a05f1b) Importer(815301076,1909f56bfc062723c751e8b465ee728b)  -> (artifact id: '0964428e03d024d7b8a67c0a56794d8b') in 0.005209 seconds
Number of updated asset objects reloaded before import = 0
Number of asset objects unloaded after import = 33
========================================================================
Received Import Request.
  Time since last request: 0.589596 seconds.
  path: Assets/Prefabs/Distractor.prefab
  artifactKey: Guid(b89e1171a10a9a943b150b2a53a05f1b) Importer(815301076,1909f56bfc062723c751e8b465ee728b)
Start importing Assets/Prefabs/Distractor.prefab using Guid(b89e1171a10a9a943b150b2a53a05f1b) Importer(815301076,1909f56bfc062723c751e8b465ee728b)  -> (artifact id: 'ec9d2b6a3b434fa3e09a3ae7fb2542d9') in 0.006381 seconds
Number of updated asset objects reloaded before import = 0
Number of asset objects unloaded after import = 33
========================================================================
Received Import Request.
  Time since last request: 1.913503 seconds.
  path: Assets/Prefabs/Distractor.prefab
  artifactKey: Guid(b89e1171a10a9a943b150b2a53a05f1b) Importer(815301076,1909f56bfc062723c751e8b465ee728b)
Start importing Assets/Prefabs/Distractor.prefab using Guid(b89e1171a10a9a943b150b2a53a05f1b) Importer(815301076,1909f56bfc062723c751e8b465ee728b)  -> (artifact id: 'bfef3f3be69f4ca69d9872227cfd24e6') in 0.010715 seconds
Number of updated asset objects reloaded before import = 0
Number of asset objects unloaded after import = 33
========================================================================
Received Import Request.
  Time since last request: 1.317959 seconds.
  path: Assets/Prefabs/Distractor.prefab
  artifactKey: Guid(b89e1171a10a9a943b150b2a53a05f1b) Importer(815301076,1909f56bfc062723c751e8b465ee728b)
Start importing Assets/Prefabs/Distractor.prefab using Guid(b89e1171a10a9a943b150b2a53a05f1b) Importer(815301076,1909f56bfc062723c751e8b465ee728b)  -> (artifact id: '62aee63becbc48f9dc1f86b4c9b75d57') in 0.006178 seconds
Number of updated asset objects reloaded before import = 0
Number of asset objects unloaded after import = 33
========================================================================
Received Import Request.
  Time since last request: 0.414454 seconds.
  path: Assets/Prefabs/Distractor.prefab
  artifactKey: Guid(b89e1171a10a9a943b150b2a53a05f1b) Importer(815301076,1909f56bfc062723c751e8b465ee728b)
Start importing Assets/Prefabs/Distractor.prefab using Guid(b89e1171a10a9a943b150b2a53a05f1b) Importer(815301076,1909f56bfc062723c751e8b465ee728b)  -> (artifact id: '8108c23a1156559133b460a51390cd4d') in 0.006168 seconds
Number of updated asset objects reloaded before import = 0
Number of asset objects unloaded after import = 33
========================================================================
Received Import Request.
  Time since last request: 2.200590 seconds.
  path: Assets/Prefabs/Distractor.prefab
  artifactKey: Guid(b89e1171a10a9a943b150b2a53a05f1b) Importer(815301076,1909f56bfc062723c751e8b465ee728b)
Start importing Assets/Prefabs/Distractor.prefab using Guid(b89e1171a10a9a943b150b2a53a05f1b) Importer(815301076,1909f56bfc062723c751e8b465ee728b)  -> (artifact id: 'd0d1e634340547d8a9897456e34c6f60') in 0.005871 seconds
Number of updated asset objects reloaded before import = 0
Number of asset objects unloaded after import = 33
========================================================================
Received Import Request.
  Time since last request: 2.429870 seconds.
  path: Assets/Prefabs/Distractor.prefab
  artifactKey: Guid(b89e1171a10a9a943b150b2a53a05f1b) Importer(815301076,1909f56bfc062723c751e8b465ee728b)
Start importing Assets/Prefabs/Distractor.prefab using Guid(b89e1171a10a9a943b150b2a53a05f1b) Importer(815301076,1909f56bfc062723c751e8b465ee728b)  -> (artifact id: '394b2716a087a7c560310aa98db7f618') in 0.005154 seconds
Number of updated asset objects reloaded before import = 0
Number of asset objects unloaded after import = 33
========================================================================
Received Import Request.
  Time since last request: 0.591478 seconds.
  path: Assets/Prefabs/Distractor.prefab
  artifactKey: Guid(b89e1171a10a9a943b150b2a53a05f1b) Importer(815301076,1909f56bfc062723c751e8b465ee728b)
Start importing Assets/Prefabs/Distractor.prefab using Guid(b89e1171a10a9a943b150b2a53a05f1b) Importer(815301076,1909f56bfc062723c751e8b465ee728b)  -> (artifact id: '071c81eab8de5aa30f4fcdc50696fc88') in 0.005726 seconds
Number of updated asset objects reloaded before import = 0
Number of asset objects unloaded after import = 33
========================================================================
Received Import Request.
  Time since last request: 3.821317 seconds.
  path: Assets/Prefabs/Distractor.prefab
  artifactKey: Guid(b89e1171a10a9a943b150b2a53a05f1b) Importer(815301076,1909f56bfc062723c751e8b465ee728b)
Start importing Assets/Prefabs/Distractor.prefab using Guid(b89e1171a10a9a943b150b2a53a05f1b) Importer(815301076,1909f56bfc062723c751e8b465ee728b)  -> (artifact id: '824e376d91c79564197c8323b7f5bade') in 0.005785 seconds
Number of updated asset objects reloaded before import = 0
Number of asset objects unloaded after import = 33
========================================================================
Received Import Request.
  Time since last request: 5.642206 seconds.
  path: Assets/Prefabs/Distractor.prefab
  artifactKey: Guid(b89e1171a10a9a943b150b2a53a05f1b) Importer(815301076,1909f56bfc062723c751e8b465ee728b)
Start importing Assets/Prefabs/Distractor.prefab using Guid(b89e1171a10a9a943b150b2a53a05f1b) Importer(815301076,1909f56bfc062723c751e8b465ee728b)  -> (artifact id: 'd17527b4055bd8225cfb4c6e7ae9bd00') in 0.005240 seconds
Number of updated asset objects reloaded before import = 0
Number of asset objects unloaded after import = 33
========================================================================
Received Import Request.
  Time since last request: 0.403558 seconds.
  path: Assets/Prefabs/Distractor.prefab
  artifactKey: Guid(b89e1171a10a9a943b150b2a53a05f1b) Importer(815301076,1909f56bfc062723c751e8b465ee728b)
Start importing Assets/Prefabs/Distractor.prefab using Guid(b89e1171a10a9a943b150b2a53a05f1b) Importer(815301076,1909f56bfc062723c751e8b465ee728b)  -> (artifact id: 'a233f484ca822295d80d94584d3df10f') in 0.006573 seconds
Number of updated asset objects reloaded before import = 0
Number of asset objects unloaded after import = 33
========================================================================
Received Import Request.
  Time since last request: 0.595581 seconds.
  path: Assets/Prefabs/Distractor.prefab
  artifactKey: Guid(b89e1171a10a9a943b150b2a53a05f1b) Importer(815301076,1909f56bfc062723c751e8b465ee728b)
Start importing Assets/Prefabs/Distractor.prefab using Guid(b89e1171a10a9a943b150b2a53a05f1b) Importer(815301076,1909f56bfc062723c751e8b465ee728b)  -> (artifact id: '80c0ef2791e1c6ba97d0633bbe9bea11') in 0.004232 seconds
Number of updated asset objects reloaded before import = 0
Number of asset objects unloaded after import = 33
========================================================================
Received Import Request.
  Time since last request: 3.831679 seconds.
  path: Assets/Prefabs/Distractor.prefab
  artifactKey: Guid(b89e1171a10a9a943b150b2a53a05f1b) Importer(815301076,1909f56bfc062723c751e8b465ee728b)
Start importing Assets/Prefabs/Distractor.prefab using Guid(b89e1171a10a9a943b150b2a53a05f1b) Importer(815301076,1909f56bfc062723c751e8b465ee728b)  -> (artifact id: '2c56c75629f08160635889667109bc1b') in 0.006456 seconds
Number of updated asset objects reloaded before import = 0
Number of asset objects unloaded after import = 33
========================================================================
Received Import Request.
  Time since last request: 0.401293 seconds.
  path: Assets/Prefabs/Distractor.prefab
  artifactKey: Guid(b89e1171a10a9a943b150b2a53a05f1b) Importer(815301076,1909f56bfc062723c751e8b465ee728b)
Start importing Assets/Prefabs/Distractor.prefab using Guid(b89e1171a10a9a943b150b2a53a05f1b) Importer(815301076,1909f56bfc062723c751e8b465ee728b)  -> (artifact id: '12d5d96a3be9462248fa5f5cbfc84c7b') in 0.005694 seconds
Number of updated asset objects reloaded before import = 0
Number of asset objects unloaded after import = 33
========================================================================
Received Import Request.
  Time since last request: 30.063495 seconds.
  path: Assets/Level Design Resources/Level Design Projectile Boss Exercise/Explosion Particle System.prefab
  artifactKey: Guid(c6889b69b51efe74288d1c85801420bd) Importer(815301076,1909f56bfc062723c751e8b465ee728b)
Start importing Assets/Level Design Resources/Level Design Projectile Boss Exercise/Explosion Particle System.prefab using Guid(c6889b69b51efe74288d1c85801420bd) Importer(815301076,1909f56bfc062723c751e8b465ee728b)  -> (artifact id: 'fa846dc7eea4a883c31dd05294228dd4') in 0.041142 seconds
Number of updated asset objects reloaded before import = 0
Number of asset objects unloaded after import = 9
========================================================================
Received Prepare
Begin MonoManager ReloadAssembly
- Loaded All Assemblies, in  4.592 seconds
Refreshing native plugins compatible for Editor in 7.28 ms, found 3 plugins.
Native extension for WindowsStandalone target not found
[Package Manager] Server::EnsureServerProcessIsRunning -- launch failed, reason: Unity was launched with the -noUpm command-line argument
[Package Manager] UpmClient::Send -- Unable to send message (not connected to UPM process).
[Package Manager] Cannot connect to Unity Package Manager local server
Mono: successfully reloaded assembly
- Finished resetting the current domain, in  2.783 seconds
Domain Reload Profiling: 7368ms
	BeginReloadAssembly (219ms)
		ExecutionOrderSort (0ms)
		DisableScriptedObjects (7ms)
		BackupInstance (0ms)
		ReleaseScriptingObjects (0ms)
		CreateAndSetChildDomain (47ms)
	RebuildCommonClasses (55ms)
	RebuildNativeTypeToScriptingClass (18ms)
	initialDomainReloadingComplete (57ms)
	LoadAllAssembliesAndSetupDomain (4236ms)
		LoadAssemblies (4331ms)
		RebuildTransferFunctionScriptingTraits (0ms)
		AnalyzeDomain (28ms)
			TypeCache.Refresh (16ms)
				TypeCache.ScanAssembly (0ms)
			ScanForSourceGeneratedMonoScriptInfo (0ms)
			ResolveRequiredComponents (9ms)
	FinalizeReload (2784ms)
		ReleaseScriptCaches (0ms)
		RebuildScriptCaches (0ms)
		SetupLoadedEditorAssemblies (873ms)
			LogAssemblyErrors (0ms)
			InitializePlatformSupportModulesInManaged (15ms)
			SetLoadedEditorAssemblies (6ms)
			RefreshPlugins (0ms)
			BeforeProcessingInitializeOnLoad (128ms)
			ProcessInitializeOnLoadAttributes (665ms)
			ProcessInitializeOnLoadMethodAttributes (42ms)
			AfterProcessingInitializeOnLoad (18ms)
			EditorAssembliesLoaded (0ms)
		ExecutionOrderSort2 (0ms)
		AwakeInstancesAfterBackupRestoration (16ms)
Failed to load shader (instanceID 410, GUID 9c442dc870b456e48b615cd8add0e9ef)
Failed to load shader (instanceID 408, GUID 493b79ea9c9be44ed8b702014d3ac49c)
Refreshing native plugins compatible for Editor in 8.01 ms, found 3 plugins.
Preloading 0 native plugins for Editor in 0.00 ms.
Unloading 356 Unused Serialized files (Serialized files now loaded: 0)
Unloading 3 unused Assets / (61.8 KB). Loaded Objects now: 926.
Memory consumption went from 92.3 MB to 92.2 MB.
Total: 5.151100 ms (FindLiveObjects: 0.113500 ms CreateObjectMapping: 0.018500 ms MarkObjects: 4.918200 ms  DeleteObjects: 0.099400 ms)

Prepare: number of updated asset objects reloaded= 0
AssetImportParameters requested are different than current active one (requested -> active):
  custom:container-demuxer-ogg: 62fdf1f143b41e24485cea50d1cbac27 -> 
  custom:video-decoder-ogg-theora: a1e56fd34408186e4bbccfd4996cb3dc -> 
  custom:framework-win-MediaFoundation: 216162199b28c13a410421893ffa2e32 -> 
  custom:CustomObjectIndexerAttribute: 6d391050e5a25f67b0a2c618074f2cd9 -> 
  custom:container-demuxer-webm: 4f35f7cbe854078d1ac9338744f61a02 -> 
  custom:container-muxer-webm: aa71ff27fc2769a1b78a27578f13a17b -> 
  custom:video-decoder-webm-vp8: 9c59270c3fd7afecdb556c50c9e8de78 -> 
  custom:SearchIndexIgnoredProperties: e643bd26f0fe6173181afceb89e7c659 -> 
  custom:AudioImporter_EditorPlatform: d09bf68614088b80899f8185d706f6e7 -> 
  custom:video-encoder-webm-vp8: eb34c28f22e8b96e1ab97ce403110664 -> 
  custom:audio-decoder-ogg-vorbis: bf7c407c2cedff20999df2af8eb42d56 -> 
  custom:audio-encoder-webm-vorbis: bf7c407c2cedff20999df2af8eb42d56 -> 
========================================================================
Received Prepare
Begin MonoManager ReloadAssembly
- Loaded All Assemblies, in  0.695 seconds
Refreshing native plugins compatible for Editor in 5.74 ms, found 3 plugins.
Native extension for WindowsStandalone target not found
[Package Manager] Server::EnsureServerProcessIsRunning -- launch failed, reason: Unity was launched with the -noUpm command-line argument
[Package Manager] UpmClient::Send -- Unable to send message (not connected to UPM process).
[Package Manager] Cannot connect to Unity Package Manager local server
Mono: successfully reloaded assembly
- Finished resetting the current domain, in  1.161 seconds
Domain Reload Profiling: 1852ms
	BeginReloadAssembly (241ms)
		ExecutionOrderSort (0ms)
		DisableScriptedObjects (14ms)
		BackupInstance (0ms)
		ReleaseScriptingObjects (0ms)
		CreateAndSetChildDomain (43ms)
	RebuildCommonClasses (45ms)
	RebuildNativeTypeToScriptingClass (18ms)
	initialDomainReloadingComplete (47ms)
	LoadAllAssembliesAndSetupDomain (339ms)
		LoadAssemblies (451ms)
		RebuildTransferFunctionScriptingTraits (0ms)
		AnalyzeDomain (25ms)
			TypeCache.Refresh (12ms)
				TypeCache.ScanAssembly (0ms)
			ScanForSourceGeneratedMonoScriptInfo (0ms)
			ResolveRequiredComponents (10ms)
	FinalizeReload (1163ms)
		ReleaseScriptCaches (0ms)
		RebuildScriptCaches (0ms)
		SetupLoadedEditorAssemblies (869ms)
			LogAssemblyErrors (0ms)
			InitializePlatformSupportModulesInManaged (13ms)
			SetLoadedEditorAssemblies (7ms)
			RefreshPlugins (0ms)
			BeforeProcessingInitializeOnLoad (104ms)
			ProcessInitializeOnLoadAttributes (675ms)
			ProcessInitializeOnLoadMethodAttributes (49ms)
			AfterProcessingInitializeOnLoad (20ms)
			EditorAssembliesLoaded (0ms)
		ExecutionOrderSort2 (0ms)
		AwakeInstancesAfterBackupRestoration (18ms)
Failed to load shader (instanceID 410, GUID 9c442dc870b456e48b615cd8add0e9ef)
Failed to load shader (instanceID 408, GUID 493b79ea9c9be44ed8b702014d3ac49c)
Refreshing native plugins compatible for Editor in 9.50 ms, found 3 plugins.
Preloading 0 native plugins for Editor in 0.00 ms.
Unloading 356 Unused Serialized files (Serialized files now loaded: 0)
Unloading 2 unused Assets / (84.9 KB). Loaded Objects now: 929.
Memory consumption went from 94.2 MB to 94.1 MB.
Total: 6.901800 ms (FindLiveObjects: 0.390300 ms CreateObjectMapping: 0.083500 ms MarkObjects: 6.047300 ms  DeleteObjects: 0.374600 ms)

Prepare: number of updated asset objects reloaded= 0
AssetImportParameters requested are different than current active one (requested -> active):
  custom:container-demuxer-ogg: 62fdf1f143b41e24485cea50d1cbac27 -> 
  custom:video-decoder-ogg-theora: a1e56fd34408186e4bbccfd4996cb3dc -> 
  custom:framework-win-MediaFoundation: 216162199b28c13a410421893ffa2e32 -> 
  custom:CustomObjectIndexerAttribute: 6d391050e5a25f67b0a2c618074f2cd9 -> 
  custom:container-demuxer-webm: 4f35f7cbe854078d1ac9338744f61a02 -> 
  custom:container-muxer-webm: aa71ff27fc2769a1b78a27578f13a17b -> 
  custom:video-decoder-webm-vp8: 9c59270c3fd7afecdb556c50c9e8de78 -> 
  custom:SearchIndexIgnoredProperties: e643bd26f0fe6173181afceb89e7c659 -> 
  custom:AudioImporter_EditorPlatform: d09bf68614088b80899f8185d706f6e7 -> 
  custom:video-encoder-webm-vp8: eb34c28f22e8b96e1ab97ce403110664 -> 
  custom:audio-decoder-ogg-vorbis: bf7c407c2cedff20999df2af8eb42d56 -> 
  custom:audio-encoder-webm-vorbis: bf7c407c2cedff20999df2af8eb42d56 -> 
========================================================================
Received Prepare
Begin MonoManager ReloadAssembly
- Loaded All Assemblies, in  0.663 seconds
Refreshing native plugins compatible for Editor in 6.35 ms, found 3 plugins.
Native extension for WindowsStandalone target not found
[Package Manager] Server::EnsureServerProcessIsRunning -- launch failed, reason: Unity was launched with the -noUpm command-line argument
[Package Manager] UpmClient::Send -- Unable to send message (not connected to UPM process).
[Package Manager] Cannot connect to Unity Package Manager local server
Mono: successfully reloaded assembly
- Finished resetting the current domain, in  1.003 seconds
Domain Reload Profiling: 1661ms
	BeginReloadAssembly (221ms)
		ExecutionOrderSort (0ms)
		DisableScriptedObjects (7ms)
		BackupInstance (0ms)
		ReleaseScriptingObjects (0ms)
		CreateAndSetChildDomain (45ms)
	RebuildCommonClasses (51ms)
	RebuildNativeTypeToScriptingClass (19ms)
	initialDomainReloadingComplete (43ms)
	LoadAllAssembliesAndSetupDomain (322ms)
		LoadAssemblies (432ms)
		RebuildTransferFunctionScriptingTraits (0ms)
		AnalyzeDomain (17ms)
			TypeCache.Refresh (8ms)
				TypeCache.ScanAssembly (0ms)
			ScanForSourceGeneratedMonoScriptInfo (0ms)
			ResolveRequiredComponents (7ms)
	FinalizeReload (1004ms)
		ReleaseScriptCaches (0ms)
		RebuildScriptCaches (0ms)
		SetupLoadedEditorAssemblies (708ms)
			LogAssemblyErrors (0ms)
			InitializePlatformSupportModulesInManaged (10ms)
			SetLoadedEditorAssemblies (7ms)
			RefreshPlugins (0ms)
			BeforeProcessingInitializeOnLoad (109ms)
			ProcessInitializeOnLoadAttributes (523ms)
			ProcessInitializeOnLoadMethodAttributes (39ms)
			AfterProcessingInitializeOnLoad (19ms)
			EditorAssembliesLoaded (0ms)
		ExecutionOrderSort2 (0ms)
		AwakeInstancesAfterBackupRestoration (18ms)
Failed to load shader (instanceID 410, GUID 9c442dc870b456e48b615cd8add0e9ef)
Failed to load shader (instanceID 408, GUID 493b79ea9c9be44ed8b702014d3ac49c)
Refreshing native plugins compatible for Editor in 10.16 ms, found 3 plugins.
Preloading 0 native plugins for Editor in 0.00 ms.
Unloading 356 Unused Serialized files (Serialized files now loaded: 0)
Unloading 2 unused Assets / (84.9 KB). Loaded Objects now: 932.
Memory consumption went from 96.1 MB to 96.0 MB.
Total: 4.393000 ms (FindLiveObjects: 0.259400 ms CreateObjectMapping: 0.092000 ms MarkObjects: 3.929600 ms  DeleteObjects: 0.108300 ms)

Prepare: number of updated asset objects reloaded= 0
AssetImportParameters requested are different than current active one (requested -> active):
  custom:container-demuxer-ogg: 62fdf1f143b41e24485cea50d1cbac27 -> 
  custom:video-decoder-ogg-theora: a1e56fd34408186e4bbccfd4996cb3dc -> 
  custom:framework-win-MediaFoundation: 216162199b28c13a410421893ffa2e32 -> 
  custom:CustomObjectIndexerAttribute: 6d391050e5a25f67b0a2c618074f2cd9 -> 
  custom:container-demuxer-webm: 4f35f7cbe854078d1ac9338744f61a02 -> 
  custom:container-muxer-webm: aa71ff27fc2769a1b78a27578f13a17b -> 
  custom:video-decoder-webm-vp8: 9c59270c3fd7afecdb556c50c9e8de78 -> 
  custom:SearchIndexIgnoredProperties: e643bd26f0fe6173181afceb89e7c659 -> 
  custom:AudioImporter_EditorPlatform: d09bf68614088b80899f8185d706f6e7 -> 
  custom:video-encoder-webm-vp8: eb34c28f22e8b96e1ab97ce403110664 -> 
  custom:audio-decoder-ogg-vorbis: bf7c407c2cedff20999df2af8eb42d56 -> 
  custom:audio-encoder-webm-vorbis: bf7c407c2cedff20999df2af8eb42d56 -> 
========================================================================
Received Prepare
Begin MonoManager ReloadAssembly
- Loaded All Assemblies, in  0.665 seconds
Refreshing native plugins compatible for Editor in 5.49 ms, found 3 plugins.
Native extension for WindowsStandalone target not found
[Package Manager] Server::EnsureServerProcessIsRunning -- launch failed, reason: Unity was launched with the -noUpm command-line argument
[Package Manager] UpmClient::Send -- Unable to send message (not connected to UPM process).
[Package Manager] Cannot connect to Unity Package Manager local server
Mono: successfully reloaded assembly
- Finished resetting the current domain, in  0.960 seconds
Domain Reload Profiling: 1621ms
	BeginReloadAssembly (213ms)
		ExecutionOrderSort (0ms)
		DisableScriptedObjects (8ms)
		BackupInstance (0ms)
		ReleaseScriptingObjects (0ms)
		CreateAndSetChildDomain (41ms)
	RebuildCommonClasses (64ms)
	RebuildNativeTypeToScriptingClass (17ms)
	initialDomainReloadingComplete (44ms)
	LoadAllAssembliesAndSetupDomain (321ms)
		LoadAssemblies (425ms)
		RebuildTransferFunctionScriptingTraits (0ms)
		AnalyzeDomain (16ms)
			TypeCache.Refresh (7ms)
				TypeCache.ScanAssembly (0ms)
			ScanForSourceGeneratedMonoScriptInfo (0ms)
			ResolveRequiredComponents (7ms)
	FinalizeReload (962ms)
		ReleaseScriptCaches (0ms)
		RebuildScriptCaches (0ms)
		SetupLoadedEditorAssemblies (689ms)
			LogAssemblyErrors (0ms)
			InitializePlatformSupportModulesInManaged (8ms)
			SetLoadedEditorAssemblies (4ms)
			RefreshPlugins (0ms)
			BeforeProcessingInitializeOnLoad (100ms)
			ProcessInitializeOnLoadAttributes (511ms)
			ProcessInitializeOnLoadMethodAttributes (48ms)
			AfterProcessingInitializeOnLoad (17ms)
			EditorAssembliesLoaded (0ms)
		ExecutionOrderSort2 (0ms)
		AwakeInstancesAfterBackupRestoration (16ms)
Failed to load shader (instanceID 410, GUID 9c442dc870b456e48b615cd8add0e9ef)
Failed to load shader (instanceID 408, GUID 493b79ea9c9be44ed8b702014d3ac49c)
Refreshing native plugins compatible for Editor in 7.08 ms, found 3 plugins.
Preloading 0 native plugins for Editor in 0.00 ms.
Unloading 356 Unused Serialized files (Serialized files now loaded: 0)
Unloading 2 unused Assets / (84.9 KB). Loaded Objects now: 935.
Memory consumption went from 98.0 MB to 97.9 MB.
Total: 3.740400 ms (FindLiveObjects: 0.095700 ms CreateObjectMapping: 0.017600 ms MarkObjects: 3.509800 ms  DeleteObjects: 0.115500 ms)

Prepare: number of updated asset objects reloaded= 0
AssetImportParameters requested are different than current active one (requested -> active):
  custom:container-demuxer-ogg: 62fdf1f143b41e24485cea50d1cbac27 -> 
  custom:video-decoder-ogg-theora: a1e56fd34408186e4bbccfd4996cb3dc -> 
  custom:framework-win-MediaFoundation: 216162199b28c13a410421893ffa2e32 -> 
  custom:CustomObjectIndexerAttribute: 6d391050e5a25f67b0a2c618074f2cd9 -> 
  custom:container-demuxer-webm: 4f35f7cbe854078d1ac9338744f61a02 -> 
  custom:container-muxer-webm: aa71ff27fc2769a1b78a27578f13a17b -> 
  custom:video-decoder-webm-vp8: 9c59270c3fd7afecdb556c50c9e8de78 -> 
  custom:SearchIndexIgnoredProperties: e643bd26f0fe6173181afceb89e7c659 -> 
  custom:AudioImporter_EditorPlatform: d09bf68614088b80899f8185d706f6e7 -> 
  custom:video-encoder-webm-vp8: eb34c28f22e8b96e1ab97ce403110664 -> 
  custom:audio-decoder-ogg-vorbis: bf7c407c2cedff20999df2af8eb42d56 -> 
  custom:audio-encoder-webm-vorbis: bf7c407c2cedff20999df2af8eb42d56 -> 
